2016-02-20 22:17:07 Error: [MissingControllerException] Controller class Jquery-ui-daterangepicker-0.4.3Controller could not be found.
Exception Attributes: array (
  'class' => 'Jquery-ui-daterangepicker-0.4.3Controller',
  'plugin' => NULL,
)
Request URL: /intranet/jquery-ui-daterangepicker-0.4.3/images/ui-bg_flat_75_ffffff_40x100.png
Stack Trace:
#0 D:\Server\htdocs\intranet\app\webroot\index.php(118): Dispatcher->dispatch(Object(CakeRequest), Object(CakeResponse))
#1 {main}
2016-02-20 22:17:07 Error: [MissingControllerException] Controller class Jquery-ui-daterangepicker-0.4.3Controller could not be found.
Exception Attributes: array (
  'class' => 'Jquery-ui-daterangepicker-0.4.3Controller',
  'plugin' => NULL,
)
Request URL: /intranet/jquery-ui-daterangepicker-0.4.3/images/ui-bg_glass_75_e6e6e6_1x400.png
Stack Trace:
#0 D:\Server\htdocs\intranet\app\webroot\index.php(118): Dispatcher->dispatch(Object(CakeRequest), Object(CakeResponse))
#1 {main}
2016-02-20 22:17:07 Error: [MissingControllerException] Controller class Jquery-ui-daterangepicker-0.4.3Controller could not be found.
Exception Attributes: array (
  'class' => 'Jquery-ui-daterangepicker-0.4.3Controller',
  'plugin' => NULL,
)
Request URL: /intranet/jquery-ui-daterangepicker-0.4.3/images/ui-icons_888888_256x240.png
Stack Trace:
#0 D:\Server\htdocs\intranet\app\webroot\index.php(118): Dispatcher->dispatch(Object(CakeRequest), Object(CakeResponse))
#1 {main}
2016-02-20 22:17:07 Error: [MissingControllerException] Controller class Jquery-ui-daterangepicker-0.4.3Controller could not be found.
Exception Attributes: array (
  'class' => 'Jquery-ui-daterangepicker-0.4.3Controller',
  'plugin' => NULL,
)
Request URL: /intranet/jquery-ui-daterangepicker-0.4.3/images/ui-bg_highlight-soft_75_cccccc_1x100.png
Stack Trace:
#0 D:\Server\htdocs\intranet\app\webroot\index.php(118): Dispatcher->dispatch(Object(CakeRequest), Object(CakeResponse))
#1 {main}
2016-02-20 22:17:07 Error: [MissingControllerException] Controller class Jquery-ui-daterangepicker-0.4.3Controller could not be found.
Exception Attributes: array (
  'class' => 'Jquery-ui-daterangepicker-0.4.3Controller',
  'plugin' => NULL,
)
Request URL: /intranet/jquery-ui-daterangepicker-0.4.3/images/ui-icons_222222_256x240.png
Stack Trace:
#0 D:\Server\htdocs\intranet\app\webroot\index.php(118): Dispatcher->dispatch(Object(CakeRequest), Object(CakeResponse))
#1 {main}
2016-02-20 22:17:07 Error: [MissingControllerException] Controller class Jquery-ui-daterangepicker-0.4.3Controller could not be found.
Exception Attributes: array (
  'class' => 'Jquery-ui-daterangepicker-0.4.3Controller',
  'plugin' => NULL,
)
Request URL: /intranet/jquery-ui-daterangepicker-0.4.3/images/ui-bg_glass_55_fbf9ee_1x400.png
Stack Trace:
#0 D:\Server\htdocs\intranet\app\webroot\index.php(118): Dispatcher->dispatch(Object(CakeRequest), Object(CakeResponse))
#1 {main}
2016-02-20 22:17:08 Error: [MissingControllerException] Controller class Jquery-ui-daterangepicker-0.4.3Controller could not be found.
Exception Attributes: array (
  'class' => 'Jquery-ui-daterangepicker-0.4.3Controller',
  'plugin' => NULL,
)
Request URL: /intranet/jquery-ui-daterangepicker-0.4.3/images/ui-bg_glass_75_dadada_1x400.png
Stack Trace:
#0 D:\Server\htdocs\intranet\app\webroot\index.php(118): Dispatcher->dispatch(Object(CakeRequest), Object(CakeResponse))
#1 {main}
2016-02-20 22:17:08 Error: [MissingControllerException] Controller class Jquery-ui-daterangepicker-0.4.3Controller could not be found.
Exception Attributes: array (
  'class' => 'Jquery-ui-daterangepicker-0.4.3Controller',
  'plugin' => NULL,
)
Request URL: /intranet/jquery-ui-daterangepicker-0.4.3/images/ui-icons_454545_256x240.png
Stack Trace:
#0 D:\Server\htdocs\intranet\app\webroot\index.php(118): Dispatcher->dispatch(Object(CakeRequest), Object(CakeResponse))
#1 {main}
2016-02-20 22:17:08 Error: [MissingControllerException] Controller class Jquery-ui-daterangepicker-0.4.3Controller could not be found.
Exception Attributes: array (
  'class' => 'Jquery-ui-daterangepicker-0.4.3Controller',
  'plugin' => NULL,
)
Request URL: /intranet/jquery-ui-daterangepicker-0.4.3/images/ui-icons_454545_256x240.png
Stack Trace:
#0 D:\Server\htdocs\intranet\app\webroot\index.php(118): Dispatcher->dispatch(Object(CakeRequest), Object(CakeResponse))
#1 {main}
2016-02-20 22:17:08 Error: [MissingControllerException] Controller class Jquery-ui-daterangepicker-0.4.3Controller could not be found.
Exception Attributes: array (
  'class' => 'Jquery-ui-daterangepicker-0.4.3Controller',
  'plugin' => NULL,
)
Request URL: /intranet/jquery-ui-daterangepicker-0.4.3/images/ui-bg_glass_65_ffffff_1x400.png
Stack Trace:
#0 D:\Server\htdocs\intranet\app\webroot\index.php(118): Dispatcher->dispatch(Object(CakeRequest), Object(CakeResponse))
#1 {main}
2016-02-21 13:58:18 Error: [MissingControllerException] Controller class PluginsController could not be found.
Exception Attributes: array (
  'class' => 'PluginsController',
  'plugin' => NULL,
)
Request URL: /intranet/plugins/misc/ios-fix/ios-orientationchange-fix.js
Stack Trace:
#0 D:\Server\htdocs\intranet\app\webroot\index.php(118): Dispatcher->dispatch(Object(CakeRequest), Object(CakeResponse))
#1 {main}
2016-02-21 13:58:18 Error: [MissingControllerException] Controller class PluginsController could not be found.
Exception Attributes: array (
  'class' => 'PluginsController',
  'plugin' => NULL,
)
Request URL: /intranet/plugins/misc/touch-punch/jquery.ui.touch-punch.min.js
Stack Trace:
#0 D:\Server\htdocs\intranet\app\webroot\index.php(118): Dispatcher->dispatch(Object(CakeRequest), Object(CakeResponse))
#1 {main}
